<?xml version="1.0" encoding="utf-8" standalone="no"?>
<!--This file represents the results of running a test suite-->
<test-results name="C:\workspace\pscautomation\pscwhite\PSCTest\PSCTest\obj\Debug\PSCTest.exe" total="0" errors="0" failures="0" not-run="0" inconclusive="0" ignored="0" skipped="0" invalid="0" date="2014-05-30" time="11:45:10">
  <environment nunit-version="2.6.3.13283" clr-version="2.0.50727.5477" os-version="Microsoft Windows NT 6.1.7601 Service Pack 1" platform="Win32NT" cwd="C:\tools\nunit\NUnit-2.6.3\bin" machine-name="WS0111PA" user="QAtester" user-domain="THERANOS" />
  <culture-info current-culture="en-US" current-uiculture="en-US" />
  <test-suite type="Assembly" name="C:\workspace\pscautomation\pscwhite\PSCTest\PSCTest\obj\Debug\PSCTest.exe" executed="True" result="Inconclusive" success="False" time="0.052" asserts="0" />
</test-results>